1657877032486:find-case
1657877042503:create-case
1657877078542:create-case --attributes "{status:ok}"
1657877093809:delete-case DUMMY_BUSINESS_KEY-810
1657877096351:find-case
1657877097621:delete-case DUMMY_BUSINESS_KEY-810
1657877100868:create-case --attributes "{status:ok}"
1657877102890:find-case
1657877104528:delete-case DUMMY_BUSINESS_KEY-810
1657877177914:exit
1657877192150:create-process-instance
1657877198913:create-process-instance --proc-def-id
1657877222593:create-process-instance --proc-def-id ReviewInvoice
1657877232687:create-process-instance --proc-def-id ReviewInvoice --business-key 12345
1657877264161:delete-process-instance --business-key
1657877267696:delete-process-instance
1657877278513:delete-process-instance --process-instance-id 4ee68ccd-0420-11ed-be05-0242ac110002
1657877288649:exit
1657879314130:create-case --attributes "{status:ok}"
1657879363537:exit
1657879392610:create-case --attributes "{status:ok}"
1657879396016:find-case
1657879398121:exit
1657879633378:create-case --attributes "{status:ok}"
1657879635664:exit
1657881292370:create-case --attributes "{status:ok}"
1657881297425:stacktracet
1657881298408:stacktrace
1657881306337:create-case --attributes "{status:ok}"
1657881308785:exit
1657881332842:create-case --attributes "{status:ok}"
1657881748119:exit
1657882301128:create-case --attributes "{status:ok}"
1657882302928:exit
1657883271392:create-case --attributes "{status:ok}"
1657883273054:exit
1657883953504:create-case --attributes "{status:ok}"
1657884714698:exit
